<?xml version="1.0" encoding="UTF-8"?>
<testng-results ignored="0" total="1" passed="1" failed="0" skipped="0">
  <reporter-output>
  </reporter-output>
  <suite started-at="2022-10-28T23:35:31 IST" name="Default suite" finished-at="2022-10-28T23:35:37 IST" duration-ms="6858">
    <groups>
    </groups>
    <test started-at="2022-10-28T23:35:31 IST" name="Default test" finished-at="2022-10-28T23:35:37 IST" duration-ms="6858">
      <class name="test.SwagLabLoginTest">
        <test-method is-config="true" signature="createReports()[pri:0, instance:test.SwagLabLoginTest@67d48005]" started-at="2022-10-28T23:35:31 IST" name="createReports" finished-at="2022-10-28T23:35:31 IST" duration-ms="497" status="PASS">
          <reporter-output>
          </reporter-output>
        </test-method> <!-- createReports -->
        <test-method is-config="true" signature="chrome()[pri:0, instance:test.SwagLabLoginTest@67d48005]" started-at="2022-10-28T23:35:31 IST" name="chrome" finished-at="2022-10-28T23:35:36 IST" duration-ms="4685" status="PASS">
          <reporter-output>
          </reporter-output>
        </test-method> <!-- chrome -->
        <test-method signature="LoginwithCredentials()[pri:0, instance:test.SwagLabLoginTest@67d48005]" started-at="2022-10-28T23:35:36 IST" name="LoginwithCredentials" finished-at="2022-10-28T23:35:36 IST" duration-ms="633" status="PASS">
          <reporter-output>
          </reporter-output>
        </test-method> <!-- LoginwithCredentials -->
        <test-method is-config="true" signature="flushResutls()[pri:0, instance:test.SwagLabLoginTest@67d48005]" started-at="2022-10-28T23:35:36 IST" name="flushResutls" finished-at="2022-10-28T23:35:37 IST" duration-ms="997" status="PASS">
          <reporter-output>
          </reporter-output>
        </test-method> <!-- flushResutls -->
      </class> <!-- test.SwagLabLoginTest -->
    </test> <!-- Default test -->
  </suite> <!-- Default suite -->
</testng-results>
